<?xml version="1.0" encoding="UTF-8"?>
<!-- Generated by org.testng.reporters.JUnitReportReporter -->
<testsuite hostname="S3XLAP42" failures="0" tests="1" name="demoTestNG.TestNG0_1" time="6.474" errors="0" timestamp="2024-09-12T17:25:43 IST" skipped="0">
  <testcase classname="demoTestNG.TestNG0_1" name="testgoogle" time="6.474"/>
</testsuite> <!-- demoTestNG.TestNG0_1 -->
