<?xml version="1.0" encoding="UTF-8"?>
<!-- Generated by org.testng.reporters.JUnitReportReporter -->
<testsuite hostname="S3XLAP42" failures="0" tests="1" name="demoTestNG.Annotation" time="0.019" errors="0" timestamp="2024-09-26T18:18:45 IST" skipped="0">
  <testcase classname="demoTestNG.Annotation" name="f" time="0.019"/>
</testsuite> <!-- demoTestNG.Annotation -->
