<?xml version="1.0" encoding="UTF-8"?>
<!-- Generated by org.testng.reporters.JUnitReportReporter -->
<testsuite hostname="S3XLAP42" failures="0" tests="1" name="demoTestNG.Test0_1" time="0.015" errors="0" timestamp="2024-09-09T16:18:45 IST" skipped="0">
  <testcase classname="demoTestNG.Test0_1" name="food" time="0.015"/>
</testsuite> <!-- demoTestNG.Test0_1 -->
