<?xml version="1.0" encoding="UTF-8"?>
<!-- Generated by org.testng.reporters.JUnitReportReporter -->
<testsuite hostname="S3XLAP42" failures="0" tests="1" name="demoTestNG.TestNG_assert" time="8.366" errors="0" timestamp="2024-09-11T13:14:14 IST" skipped="0">
  <testcase classname="demoTestNG.TestNG_assert" name="googletitle" time="8.366"/>
</testsuite> <!-- demoTestNG.TestNG_assert -->
