<?xml version="1.0" encoding="UTF-8"?>
<!-- Generated by org.testng.reporters.JUnitReportReporter -->
<testsuite hostname="S3XLAP42" failures="0" tests="1" name="demoTestNG.OHRMtestNG" time="8.564" errors="0" timestamp="2024-09-10T12:46:31 IST" skipped="0">
  <testcase classname="demoTestNG.OHRMtestNG" name="LoginHRM" time="8.564"/>
</testsuite> <!-- demoTestNG.OHRMtestNG -->
