<?xml version="1.0" encoding="UTF-8"?>
<!-- Generated by org.testng.reporters.JUnitReportReporter -->
<testsuite hostname="S3XLAP42" failures="0" tests="6" name="demoTestNG.Prioritize" time="0.018" errors="0" timestamp="2024-10-03T12:23:20 IST" skipped="0">
  <testcase classname="demoTestNG.Prioritize" name="Signin" time="0.010"/>
  <testcase classname="demoTestNG.Prioritize" name="searchfortheflight" time="0.001"/>
  <testcase classname="demoTestNG.Prioritize" name="bookfortheflight" time="0.002"/>
  <testcase classname="demoTestNG.Prioritize" name="login" time="0.002"/>
  <testcase classname="demoTestNG.Prioritize" name="logout" time="0.002"/>
  <testcase classname="demoTestNG.Prioritize" name="saveticket" time="0.001"/>
</testsuite> <!-- demoTestNG.Prioritize -->
