<?xml version="1.0" encoding="UTF-8"?>
<!-- Generated by org.testng.reporters.JUnitReportReporter -->
<testsuite hostname="S3XLAP42" failures="0" tests="2" name="demoTestNG.HardAndSoftASSERT" time="18.615" errors="0" timestamp="2024-09-12T11:20:16 IST" skipped="0">
  <testcase classname="demoTestNG.HardAndSoftASSERT" name="testfacebook" time="10.614"/>
  <testcase classname="demoTestNG.HardAndSoftASSERT" name="testgoogle" time="8.001"/>
</testsuite> <!-- demoTestNG.HardAndSoftASSERT -->
