<?xml version="1.0" encoding="UTF-8"?>
<!-- Generated by org.testng.reporters.JUnitReportReporter -->
<testsuite hostname="S3XLAP42" failures="0" tests="4" name="IgnoreDemo.Apple" time="0.019" errors="0" timestamp="2024-10-03T14:28:07 IST" skipped="1">
  <testcase classname="IgnoreDemo.Apple" name="test3" time="0.002"/>
  <testcase classname="IgnoreDemo.Apple" name="test2" time="0.015"/>
  <testcase classname="IgnoreDemo.Apple" name="test4" time="0.002"/>
  <testcase classname="IgnoreDemo.Apple" name="test1">
    <skipped/>
  </testcase> <!-- test1 -->
</testsuite> <!-- IgnoreDemo.Apple -->
