<?xml version="1.0" encoding="UTF-8"?>
<!-- Generated by org.testng.reporters.JUnitReportReporter -->
<testsuite hostname="S3XLAP42" failures="0" tests="3" name="dataproviderstestng.Singlestring" time="0.015" errors="0" timestamp="2024-10-09T15:11:57 IST" skipped="0">
  <testcase classname="dataproviderstestng.Singlestring" name="set" time="0.015"/>
  <testcase classname="dataproviderstestng.Singlestring" name="set" time="0.000"/>
  <testcase classname="dataproviderstestng.Singlestring" name="set" time="0.000"/>
</testsuite> <!-- dataproviderstestng.Singlestring -->
