<?xml version="1.0" encoding="UTF-8"?>
<!-- Generated by org.testng.reporters.JUnitReportReporter -->
<testsuite hostname="S3XLAP42" failures="0" tests="5" name="grouptext.Group1" time="0.019" errors="0" timestamp="2024-10-07T12:30:06 IST" skipped="0">
  <testcase classname="grouptext.Group1" name="test1" time="0.013"/>
  <testcase classname="grouptext.Group1" name="test2" time="0.001"/>
  <testcase classname="grouptext.Group1" name="test3" time="0.002"/>
  <testcase classname="grouptext.Group1" name="test4" time="0.001"/>
  <testcase classname="grouptext.Group1" name="test9" time="0.002"/>
</testsuite> <!-- grouptext.Group1 -->
