<?xml version="1.0" encoding="UTF-8"?>
<!-- Generated by org.testng.reporters.JUnitReportReporter -->
<testsuite hostname="S3XLAP42" failures="0" tests="4" name="grouptext.Testgroupdependence" time="0.006" errors="0" timestamp="2024-10-07T12:17:33 IST" skipped="0">
  <testcase classname="grouptext.Testgroupdependence" name="test3" time="0.001"/>
  <testcase classname="grouptext.Testgroupdependence" name="test2" time="0.002"/>
  <testcase classname="grouptext.Testgroupdependence" name="test1" time="0.002"/>
  <testcase classname="grouptext.Testgroupdependence" name="test0" time="0.001"/>
</testsuite> <!-- grouptext.Testgroupdependence -->
