<?xml version="1.0" encoding="UTF-8"?>
<!-- Generated by org.testng.reporters.JUnitReportReporter -->
<testsuite hostname="S3XLAP42" failures="0" tests="5" name="grouptext.Group2" time="0.005" errors="0" timestamp="2024-10-07T12:30:06 IST" skipped="0">
  <testcase classname="grouptext.Group2" name="test7" time="0.001"/>
  <testcase classname="grouptext.Group2" name="test6" time="0.002"/>
  <testcase classname="grouptext.Group2" name="test71" time="0.000"/>
  <testcase classname="grouptext.Group2" name="test8" time="0.001"/>
  <testcase classname="grouptext.Group2" name="test5" time="0.001"/>
</testsuite> <!-- grouptext.Group2 -->
