<?xml version="1.0" encoding="UTF-8"?>
<!-- Generated by org.testng.reporters.JUnitReportReporter -->
<testsuite hostname="S3XLAP42" failures="0" tests="3" name="demoTestNG.Testdependency" time="0.017" errors="0" timestamp="2024-10-04T16:07:54 IST" skipped="0">
  <testcase classname="demoTestNG.Testdependency" name="Trackshipment" time="0.001"/>
  <testcase classname="demoTestNG.Testdependency" name="Cancelshipment" time="0.001"/>
  <testcase classname="demoTestNG.Testdependency" name="Createshipment" time="0.015"/>
</testsuite> <!-- demoTestNG.Testdependency -->
