<?xml version="1.0" encoding="UTF-8"?>
<!-- Generated by org.testng.reporters.JUnitReportReporter -->
<testsuite hostname="S3XLAP42" failures="0" tests="4" name="dataproviderstestng.JaggedArray" time="0.022" errors="0" timestamp="2024-10-09T15:11:57 IST" skipped="0">
  <testcase classname="dataproviderstestng.JaggedArray" name="bike" time="0.003"/>
  <testcase classname="dataproviderstestng.JaggedArray" name="bike" time="0.013"/>
  <testcase classname="dataproviderstestng.JaggedArray" name="bike" time="0.003"/>
  <testcase classname="dataproviderstestng.JaggedArray" name="bike" time="0.003"/>
</testsuite> <!-- dataproviderstestng.JaggedArray -->
