<?xml version="1.0" encoding="UTF-8"?>
<!-- Generated by org.testng.reporters.JUnitReportReporter -->
<testsuite hostname="S3XLAP42" failures="0" tests="7" name="ignore.Testgroupdependence" time="0.017" errors="0" timestamp="2024-10-07T14:13:43 IST" skipped="0">
  <testcase classname="ignore.Testgroupdependence" name="test0" time="0.001"/>
  <testcase classname="ignore.Testgroupdependence" name="test7" time="0.001"/>
  <testcase classname="ignore.Testgroupdependence" name="test6" time="0.001"/>
  <testcase classname="ignore.Testgroupdependence" name="test1" time="0.001"/>
  <testcase classname="ignore.Testgroupdependence" name="test2" time="0.002"/>
  <testcase classname="ignore.Testgroupdependence" name="test3" time="0.002"/>
  <testcase classname="ignore.Testgroupdependence" name="test5" time="0.009"/>
</testsuite> <!-- ignore.Testgroupdependence -->
